2017-03-21 19:56:29 [scrapy.utils.log] INFO: Scrapy 1.3.3 started (bot: weibo)
2017-03-21 19:56:29 [scrapy.utils.log] INFO: Overridden settings: {'SPIDER_MODULES': ['weibo.spiders'], 'NEWSPIDER_MODULE': 'weibo.spiders', 'LOG_FILE': 'header.log', 'BOT_NAME': 'weibo'}
2017-03-21 19:56:29 [scrapy.middleware] INFO: Enabled extensions:
['scrapy.extensions.logstats.LogStats',
 'scrapy.extensions.telnet.TelnetConsole',
 'scrapy.extensions.corestats.CoreStats']
2017-03-21 19:56:29 [scrapy.middleware] INFO: Enabled downloader middlewares:
['scrapy.downloadermiddlewares.httpauth.HttpAuthMiddleware',
 'scrapy.downloadermiddlewares.downloadtimeout.DownloadTimeoutMiddleware',
 'scrapy.downloadermiddlewares.defaultheaders.DefaultHeadersMiddleware',
 'scrapy.downloadermiddlewares.useragent.UserAgentMiddleware',
 'scrapy.downloadermiddlewares.retry.RetryMiddleware',
 'scrapy.downloadermiddlewares.redirect.MetaRefreshMiddleware',
 'scrapy.downloadermiddlewares.httpcompression.HttpCompressionMiddleware',
 'scrapy.downloadermiddlewares.redirect.RedirectMiddleware',
 'scrapy.downloadermiddlewares.cookies.CookiesMiddleware',
 'scrapy.downloadermiddlewares.httpproxy.HttpProxyMiddleware',
 'scrapy.downloadermiddlewares.stats.DownloaderStats']
2017-03-21 19:56:29 [scrapy.middleware] INFO: Enabled spider middlewares:
['scrapy.spidermiddlewares.httperror.HttpErrorMiddleware',
 'scrapy.spidermiddlewares.offsite.OffsiteMiddleware',
 'scrapy.spidermiddlewares.referer.RefererMiddleware',
 'scrapy.spidermiddlewares.urllength.UrlLengthMiddleware',
 'scrapy.spidermiddlewares.depth.DepthMiddleware']
2017-03-21 19:56:29 [scrapy.middleware] INFO: Enabled item pipelines:
[]
2017-03-21 19:56:29 [scrapy.core.engine] INFO: Spider opened
2017-03-21 19:56:29 [scrapy.extensions.logstats] INFO: Crawled 0 pages (at 0 pages/min), scraped 0 items (at 0 items/min)
2017-03-21 19:56:29 [scrapy.extensions.telnet] DEBUG: Telnet console listening on 127.0.0.1:6024
2017-03-21 19:56:31 [scrapy.core.engine] DEBUG: Crawled (200) <GET https://www.whatismybrowser.com/> (referer: http://m.weibo.cn/status/4087456787650507)
2017-03-21 19:56:31 [scrapy.core.engine] INFO: Closing spider (finished)
2017-03-21 19:56:31 [scrapy.statscollectors] INFO: Dumping Scrapy stats:
{'downloader/request_bytes': 355,
 'downloader/request_count': 1,
 'downloader/request_method_count/GET': 1,
 'downloader/response_bytes': 7296,
 'downloader/response_count': 1,
 'downloader/response_status_count/200': 1,
 'finish_reason': 'finished',
 'finish_time': datetime.datetime(2017, 3, 21, 11, 56, 31, 490900),
 'log_count/DEBUG': 2,
 'log_count/INFO': 7,
 'response_received_count': 1,
 'scheduler/dequeued': 1,
 'scheduler/dequeued/memory': 1,
 'scheduler/enqueued': 1,
 'scheduler/enqueued/memory': 1,
 'start_time': datetime.datetime(2017, 3, 21, 11, 56, 29, 609423)}
2017-03-21 19:56:31 [scrapy.core.engine] INFO: Spider closed (finished)
2017-03-21 19:58:17 [scrapy.utils.log] INFO: Scrapy 1.3.3 started (bot: weibo)
2017-03-21 19:58:17 [scrapy.utils.log] INFO: Overridden settings: {'LOG_FILE': 'header.log', 'SPIDER_MODULES': ['weibo.spiders'], 'NEWSPIDER_MODULE': 'weibo.spiders', 'BOT_NAME': 'weibo'}
2017-03-21 19:58:17 [scrapy.middleware] INFO: Enabled extensions:
['scrapy.extensions.corestats.CoreStats',
 'scrapy.extensions.telnet.TelnetConsole',
 'scrapy.extensions.logstats.LogStats']
2017-03-21 19:58:17 [scrapy.middleware] INFO: Enabled downloader middlewares:
['scrapy.downloadermiddlewares.httpauth.HttpAuthMiddleware',
 'scrapy.downloadermiddlewares.downloadtimeout.DownloadTimeoutMiddleware',
 'scrapy.downloadermiddlewares.defaultheaders.DefaultHeadersMiddleware',
 'scrapy.downloadermiddlewares.useragent.UserAgentMiddleware',
 'scrapy.downloadermiddlewares.retry.RetryMiddleware',
 'scrapy.downloadermiddlewares.redirect.MetaRefreshMiddleware',
 'scrapy.downloadermiddlewares.httpcompression.HttpCompressionMiddleware',
 'scrapy.downloadermiddlewares.redirect.RedirectMiddleware',
 'scrapy.downloadermiddlewares.cookies.CookiesMiddleware',
 'scrapy.downloadermiddlewares.httpproxy.HttpProxyMiddleware',
 'scrapy.downloadermiddlewares.stats.DownloaderStats']
2017-03-21 19:58:17 [scrapy.middleware] INFO: Enabled spider middlewares:
['scrapy.spidermiddlewares.httperror.HttpErrorMiddleware',
 'scrapy.spidermiddlewares.offsite.OffsiteMiddleware',
 'scrapy.spidermiddlewares.referer.RefererMiddleware',
 'scrapy.spidermiddlewares.urllength.UrlLengthMiddleware',
 'scrapy.spidermiddlewares.depth.DepthMiddleware']
2017-03-21 19:58:17 [scrapy.middleware] INFO: Enabled item pipelines:
[]
2017-03-21 19:58:17 [scrapy.core.engine] INFO: Spider opened
2017-03-21 19:58:17 [scrapy.extensions.logstats] INFO: Crawled 0 pages (at 0 pages/min), scraped 0 items (at 0 items/min)
2017-03-21 19:58:17 [scrapy.extensions.telnet] DEBUG: Telnet console listening on 127.0.0.1:6024
2017-03-21 19:58:20 [scrapy.core.engine] DEBUG: Crawled (200) <GET https://www.whatismybrowser.com/> (referer: http://m.weibo.cn/status/4087456787650507)
2017-03-21 19:58:20 [scrapy.core.engine] INFO: Closing spider (finished)
2017-03-21 19:58:20 [scrapy.statscollectors] INFO: Dumping Scrapy stats:
{'downloader/request_bytes': 342,
 'downloader/request_count': 1,
 'downloader/request_method_count/GET': 1,
 'downloader/response_bytes': 7036,
 'downloader/response_count': 1,
 'downloader/response_status_count/200': 1,
 'finish_reason': 'finished',
 'finish_time': datetime.datetime(2017, 3, 21, 11, 58, 20, 947619),
 'log_count/DEBUG': 2,
 'log_count/INFO': 7,
 'response_received_count': 1,
 'scheduler/dequeued': 1,
 'scheduler/dequeued/memory': 1,
 'scheduler/enqueued': 1,
 'scheduler/enqueued/memory': 1,
 'start_time': datetime.datetime(2017, 3, 21, 11, 58, 17, 381219)}
2017-03-21 19:58:20 [scrapy.core.engine] INFO: Spider closed (finished)
2017-03-21 20:01:18 [scrapy.utils.log] INFO: Scrapy 1.3.3 started (bot: weibo)
2017-03-21 20:01:18 [scrapy.utils.log] INFO: Overridden settings: {'LOG_FILE': 'header.log', 'BOT_NAME': 'weibo', 'SPIDER_MODULES': ['weibo.spiders'], 'NEWSPIDER_MODULE': 'weibo.spiders'}
2017-03-21 20:01:18 [scrapy.middleware] INFO: Enabled extensions:
['scrapy.extensions.logstats.LogStats',
 'scrapy.extensions.corestats.CoreStats',
 'scrapy.extensions.telnet.TelnetConsole']
2017-03-21 20:01:18 [scrapy.middleware] INFO: Enabled downloader middlewares:
['scrapy.downloadermiddlewares.httpauth.HttpAuthMiddleware',
 'scrapy.downloadermiddlewares.downloadtimeout.DownloadTimeoutMiddleware',
 'scrapy.downloadermiddlewares.defaultheaders.DefaultHeadersMiddleware',
 'scrapy.downloadermiddlewares.useragent.UserAgentMiddleware',
 'scrapy.downloadermiddlewares.retry.RetryMiddleware',
 'scrapy.downloadermiddlewares.redirect.MetaRefreshMiddleware',
 'scrapy.downloadermiddlewares.httpcompression.HttpCompressionMiddleware',
 'scrapy.downloadermiddlewares.redirect.RedirectMiddleware',
 'scrapy.downloadermiddlewares.cookies.CookiesMiddleware',
 'scrapy.downloadermiddlewares.httpproxy.HttpProxyMiddleware',
 'scrapy.downloadermiddlewares.stats.DownloaderStats']
2017-03-21 20:01:18 [scrapy.middleware] INFO: Enabled spider middlewares:
['scrapy.spidermiddlewares.httperror.HttpErrorMiddleware',
 'scrapy.spidermiddlewares.offsite.OffsiteMiddleware',
 'scrapy.spidermiddlewares.referer.RefererMiddleware',
 'scrapy.spidermiddlewares.urllength.UrlLengthMiddleware',
 'scrapy.spidermiddlewares.depth.DepthMiddleware']
2017-03-21 20:01:18 [scrapy.middleware] INFO: Enabled item pipelines:
[]
2017-03-21 20:01:18 [scrapy.core.engine] INFO: Spider opened
2017-03-21 20:01:18 [scrapy.extensions.logstats] INFO: Crawled 0 pages (at 0 pages/min), scraped 0 items (at 0 items/min)
2017-03-21 20:01:18 [scrapy.extensions.telnet] DEBUG: Telnet console listening on 127.0.0.1:6024
2017-03-21 20:01:20 [scrapy.core.engine] DEBUG: Crawled (200) <GET https://www.whatismybrowser.com/> (referer: http://m.weibo.cn/status/4087456787650507)
2017-03-21 20:01:20 [scrapy.core.engine] INFO: Closing spider (finished)
2017-03-21 20:01:20 [scrapy.statscollectors] INFO: Dumping Scrapy stats:
{'downloader/request_bytes': 355,
 'downloader/request_count': 1,
 'downloader/request_method_count/GET': 1,
 'downloader/response_bytes': 7299,
 'downloader/response_count': 1,
 'downloader/response_status_count/200': 1,
 'finish_reason': 'finished',
 'finish_time': datetime.datetime(2017, 3, 21, 12, 1, 20, 685606),
 'log_count/DEBUG': 2,
 'log_count/INFO': 7,
 'response_received_count': 1,
 'scheduler/dequeued': 1,
 'scheduler/dequeued/memory': 1,
 'scheduler/enqueued': 1,
 'scheduler/enqueued/memory': 1,
 'start_time': datetime.datetime(2017, 3, 21, 12, 1, 18, 465195)}
2017-03-21 20:01:20 [scrapy.core.engine] INFO: Spider closed (finished)
